<?xml version="1.0" encoding="UTF-8"?>
<!-- Generated by org.testng.reporters.JUnitReportReporter -->
<testsuite skipped="0" hostname="aj-HP-Compaq-Pro-6300-SFF" name="TestingBotTest" tests="1" failures="0" timestamp="10 May 2018 08:53:25 GMT" time="4.000" errors="0">
  <testcase name="testSimple" time="4.000" classname="TestingBotTest"/>
</testsuite> <!-- TestingBotTest -->
